<?xml version="1.0" encoding="UTF-8" standalone="no"?>
<testsuite errors="0" failures="0" name="io.cucumber.core.plugin.JUnitFormatter" skipped="0" tests="1" time="36.107">
    <testcase classname="SearchBox Functionality" name="checking Amazon search box functionality using valid products name" time="35.945">
        <system-out>
            <![CDATA[And user should be able to enter valid "Bluetooth earbuds"..................passed
And user  should be able to click on search button..........................passed
And user should be able to click on Free Shipping by Amazon.................passed
And user should be able to enter Minimum price in price edit field..........passed
And user should be able to enter Maximum price in price edit field..........passed
When users should be able to click on Go button.............................passed
Then users should able to see "Bluetooth earbuds" displayed.................passed
]]>
        </system-out>
    </testcase>
</testsuite>
